{
  "RSpec": {
    "coverage": {
      "/home/asynchronous-point-0500/tic-tac-toe-rb-online-web-sp-000/lib/tic_tac_toe.rb": [
        1,
        null,
        null,
        1,
        null,
        null,
        null,
        null,
        null,
        null,
        null,
        null,
        null,
        1,
        27,
        27,
        27,
        27,
        27,
        null,
        null,
        1,
        9340,
        null,
        null,
        1,
        25,
        null,
        null,
        1,
        9344,
        26,
        9318,
        9318,
        null,
        null,
        null,
        1,
        9340,
        22,
        null,
        9318,
        null,
        null,
        null,
        1,
        9338,
        9337,
        9337,
        9337,
        9316,
        null,
        22,
        22,
        null,
        null,
        1,
        39,
        39,
        351,
        53,
        null,
        null,
        39,
        null,
        null,
        1,
        23,
        8,
        15,
        15,
        null,
        null,
        null,
        1,
        null,
        152,
        2,
        null,
        null,
        54,
        340,
        340,
        340,
        null,
        340,
        340,
        340,
        null,
        340,
        18,
        322,
        6,
        null,
        316,
        null,
        null,
        null,
        216,
        15,
        null,
        null,
        null,
        1,
        null,
        295,
        14,
        null,
        37,
        null,
        null,
        null,
        1,
        26,
        6,
        null,
        20,
        null,
        null,
        null,
        1,
        null,
        null,
        23,
        4,
        19,
        1,
        18,
        4,
        null,
        14,
        null,
        null,
        null,
        1,
        7,
        1,
        null,
        6,
        6,
        4,
        2,
        2,
        null,
        null,
        null,
        null,
        null,
        1,
        12,
        20,
        null,
        null,
        11,
        4,
        7,
        3,
        null,
        null,
        null
      ]
    },
    "timestamp": 1582905325
  }
}
