{
  "RSpec": {
    "coverage": {
      "/home/asynchronous-point-0500/tic-tac-toe-rb-online-web-sp-000/lib/tic_tac_toe.rb": [
        1,
        null,
        null,
        1,
        null,
        null,
        null,
        null,
        null,
        null,
        null,
        null,
        null,
        1,
        27,
        27,
        27,
        27,
        27,
        null,
        null,
        1,
        9340,
        null,
        null,
        1,
        25,
        null,
        null,
        1,
        9344,
        26,
        9318,
        9318,
        null,
        null,
        null,
        1,
        9340,
        22,
        null,
        9318,
        null,
        null,
        null,
        1,
        9338,
        9337,
        9337,
        9337,
        9316,
        null,
        22,
        22,
        null,
        null,
        1,
        39,
        39,
        351,
        53,
        null,
        null,
        39,
        null,
        null,
        1,
        23,
        8,
        15,
        15,
        null,
        null,
        null,
        1,
        null,
        156,
        2,
        null,
        null,
        53,
        313,
        313,
        313,
        null,
        313,
        313,
        313,
        null,
        313,
        21,
        292,
        7,
        null,
        285,
        null,
        null,
        null,
        172,
        11,
        null,
        null,
        null,
        1,
        null,
        386,
        13,
        null,
        56,
        null,
        null,
        null,
        1,
        37,
        8,
        null,
        29,
        null,
        null,
        null,
        1,
        null,
        30,
        7,
        23,
        1,
        22,
        8,
        null,
        14,
        null,
        null,
        null,
        1,
        7,
        1,
        null,
        6,
        6,
        4,
        2,
        2,
        null,
        null,
        null,
        null,
        null,
        1,
        12,
        20,
        null,
        11,
        11,
        4,
        7,
        3,
        null,
        null,
        null
      ]
    },
    "timestamp": 1582901154
  }
}
